Sled Race/Library/Bee/Android/Prj/Mono2x/Gradle/launcher/build/intermediates/manifest_merge_blame_file/debug/manifest-merger-blame-debug-report.txt
1<?xml version="1.0" encoding="utf-8"?>
2<manifest xmlns:android="http://schemas.android.com/apk/res/android"
3    package="com.DefaultCompany.SledRace"
4    android:installLocation="preferExternal"
5    android:versionCode="1"
6    android:versionName="1.0.2" >
7
8    <uses-sdk
9        android:minSdkVersion="22"
9-->src\main\AndroidManifest.xml
10        android:targetSdkVersion="30" />
10-->src\main\AndroidManifest.xml
11
12    <supports-screens
12-->src\main\AndroidManifest.xml:3:3-163
13        android:anyDensity="true"
13-->src\main\AndroidManifest.xml:3:135-160
14        android:largeScreens="true"
14-->src\main\AndroidManifest.xml:3:78-105
15        android:normalScreens="true"
15-->src\main\AndroidManifest.xml:3:49-77
16        android:smallScreens="true"
16-->src\main\AndroidManifest.xml:3:21-48
17        android:xlargeScreens="true" />
17-->src\main\AndroidManifest.xml:3:106-134
18
19    <uses-feature android:glEsVersion="0x00030000" />
19-->[:unityLibrary] AndroidManifest.xml:12:5-54
19-->[:unityLibrary] AndroidManifest.xml:12:19-51
20    <uses-feature
20-->[:unityLibrary] AndroidManifest.xml:13:5-15:36
21        android:name="android.hardware.vulkan.version"
21-->[:unityLibrary] AndroidManifest.xml:14:9-55
22        android:required="false" />
22-->[:unityLibrary] AndroidManifest.xml:15:9-33
23
24    <uses-permission android:name="android.permission.INTERNET" />
24-->[:unityLibrary] AndroidManifest.xml:17:5-67
24-->[:unityLibrary] AndroidManifest.xml:17:22-64
25    <uses-permission android:name="android.permission.ACCESS_NETWORK_STATE" />
25-->[:unityLibrary] AndroidManifest.xml:18:5-79
25-->[:unityLibrary] AndroidManifest.xml:18:22-76
26
27    <uses-feature
27-->[:unityLibrary] AndroidManifest.xml:20:5-22:36
28        android:name="android.hardware.touchscreen"
28-->[:unityLibrary] AndroidManifest.xml:21:9-52
29        android:required="false" />
29-->[:unityLibrary] AndroidManifest.xml:22:9-33
30    <uses-feature
30-->[:unityLibrary] AndroidManifest.xml:23:5-25:36
31        android:name="android.hardware.touchscreen.multitouch"
31-->[:unityLibrary] AndroidManifest.xml:24:9-63
32        android:required="false" />
32-->[:unityLibrary] AndroidManifest.xml:25:9-33
33    <uses-feature
33-->[:unityLibrary] AndroidManifest.xml:26:5-28:36
34        android:name="android.hardware.touchscreen.multitouch.distinct"
34-->[:unityLibrary] AndroidManifest.xml:27:9-72
35        android:required="false" />
35-->[:unityLibrary] AndroidManifest.xml:28:9-33
36
37    <uses-permission android:name="android.permission.POST_NOTIFICATIONS" />
37-->[:unityLibrary] AndroidManifest.xml:30:5-77
37-->[:unityLibrary] AndroidManifest.xml:30:22-74
38
39    <application
39-->src\main\AndroidManifest.xml:4:3-83
40        android:debuggable="true"
41        android:extractNativeLibs="true"
41-->[:unityLibrary] AndroidManifest.xml:32:18-50
42        android:icon="@mipmap/app_icon"
42-->src\main\AndroidManifest.xml:4:49-80
43        android:label="@string/app_name" >
43-->src\main\AndroidManifest.xml:4:16-48
44        <activity
44-->[:unityLibrary] AndroidManifest.xml:33:9-53:20
45            android:name="com.unity3d.player.UnityPlayerActivity"
45-->[:unityLibrary] AndroidManifest.xml:34:13-66
46            android:configChanges="mcc|mnc|locale|touchscreen|keyboard|keyboardHidden|navigation|orientation|screenLayout|uiMode|screenSize|smallestScreenSize|fontScale|layoutDirection|density"
46-->[:unityLibrary] AndroidManifest.xml:35:13-194
47            android:hardwareAccelerated="false"
47-->[:unityLibrary] AndroidManifest.xml:36:13-48
48            android:launchMode="singleTask"
48-->[:unityLibrary] AndroidManifest.xml:37:13-44
49            android:resizeableActivity="false"
49-->[:unityLibrary] AndroidManifest.xml:38:13-47
50            android:screenOrientation="fullUser"
50-->[:unityLibrary] AndroidManifest.xml:39:13-49
51            android:theme="@style/UnityThemeSelector" >
51-->[:unityLibrary] AndroidManifest.xml:40:13-54
52            <intent-filter>
52-->[:unityLibrary] AndroidManifest.xml:41:13-45:29
53                <action android:name="android.intent.action.MAIN" />
53-->[:unityLibrary] AndroidManifest.xml:42:17-69
53-->[:unityLibrary] AndroidManifest.xml:42:25-66
54
55                <category android:name="android.intent.category.LAUNCHER" />
55-->[:unityLibrary] AndroidManifest.xml:44:17-77
55-->[:unityLibrary] AndroidManifest.xml:44:27-74
56            </intent-filter>
57
58            <meta-data
58-->[:unityLibrary] AndroidManifest.xml:47:13-49:40
59                android:name="unityplayer.UnityActivity"
59-->[:unityLibrary] AndroidManifest.xml:48:17-57
60                android:value="true" />
60-->[:unityLibrary] AndroidManifest.xml:49:17-37
61            <meta-data
61-->[:unityLibrary] AndroidManifest.xml:50:13-52:40
62                android:name="android.notch_support"
62-->[:unityLibrary] AndroidManifest.xml:51:17-53
63                android:value="true" />
63-->[:unityLibrary] AndroidManifest.xml:52:17-37
64        </activity>
65
66        <meta-data
66-->[:unityLibrary] AndroidManifest.xml:55:9-57:33
67            android:name="unity.splash-mode"
67-->[:unityLibrary] AndroidManifest.xml:56:13-45
68            android:value="0" />
68-->[:unityLibrary] AndroidManifest.xml:57:13-30
69        <meta-data
69-->[:unityLibrary] AndroidManifest.xml:58:9-60:36
70            android:name="unity.splash-enable"
70-->[:unityLibrary] AndroidManifest.xml:59:13-47
71            android:value="True" />
71-->[:unityLibrary] AndroidManifest.xml:60:13-33
72        <meta-data
72-->[:unityLibrary] AndroidManifest.xml:61:9-63:36
73            android:name="unity.launch-fullscreen"
73-->[:unityLibrary] AndroidManifest.xml:62:13-51
74            android:value="True" />
74-->[:unityLibrary] AndroidManifest.xml:63:13-33
75        <meta-data
75-->[:unityLibrary] AndroidManifest.xml:64:9-66:37
76            android:name="unity.allow-resizable-window"
76-->[:unityLibrary] AndroidManifest.xml:65:13-56
77            android:value="False" />
77-->[:unityLibrary] AndroidManifest.xml:66:13-34
78        <meta-data
78-->[:unityLibrary] AndroidManifest.xml:67:9-69:50
79            android:name="notch.config"
79-->[:unityLibrary] AndroidManifest.xml:68:13-40
80            android:value="portrait|landscape" />
80-->[:unityLibrary] AndroidManifest.xml:69:13-47
81
82        <receiver
82-->[:unityLibrary] AndroidManifest.xml:71:9-73:40
83            android:name="com.unity.androidnotifications.UnityNotificationManager"
83-->[:unityLibrary] AndroidManifest.xml:72:13-83
84            android:exported="false" />
84-->[:unityLibrary] AndroidManifest.xml:73:13-37
85        <receiver
85-->[:unityLibrary] AndroidManifest.xml:74:9-81:20
86            android:name="com.unity.androidnotifications.UnityNotificationRestartOnBootReceiver"
86-->[:unityLibrary] AndroidManifest.xml:75:13-97
87            android:enabled="false"
87-->[:unityLibrary] AndroidManifest.xml:76:13-36
88            android:exported="false" >
88-->[:unityLibrary] AndroidManifest.xml:77:13-37
89            <intent-filter>
89-->[:unityLibrary] AndroidManifest.xml:78:13-80:29
90                <action android:name="android.intent.action.BOOT_COMPLETED" />
90-->[:unityLibrary] AndroidManifest.xml:79:17-79
90-->[:unityLibrary] AndroidManifest.xml:79:25-76
91            </intent-filter>
92        </receiver>
93
94        <meta-data
94-->[:unityLibrary] AndroidManifest.xml:83:9-85:33
95            android:name="com.unity.androidnotifications.exact_scheduling"
95-->[:unityLibrary] AndroidManifest.xml:84:13-75
96            android:value="0" />
96-->[:unityLibrary] AndroidManifest.xml:85:13-30
97    </application>
98
99</manifest>